<?xml version="1.0" encoding="UTF-8"?>
<coverage generated="1566235384497" clover="3.2.0">
  <project timestamp="1566235384497" name="All files">
    <metrics statements="48" coveredstatements="48" conditionals="34" coveredconditionals="32" methods="23" coveredmethods="22" elements="105" coveredelements="102" complexity="0" loc="48" ncloc="48" packages="1" files="3" classes="3"/>
    <file name="event-emitter.js" path="/Users/tonylefler/projects/simple-state/src/event-emitter.js">
      <metrics statements="19" coveredstatements="19" conditionals="12" coveredconditionals="10" methods="10" coveredmethods="9"/>
      <line num="5" count="4" type="stmt"/>
      <line num="6" count="4" type="stmt"/>
      <line num="7" count="4" type="stmt"/>
      <line num="13" count="5" type="stmt"/>
      <line num="17" count="14" type="stmt"/>
      <line num="18" count="16" type="cond" truecount="2" falsecount="0"/>
      <line num="19" count="13" type="stmt"/>
      <line num="20" count="3" type="cond" truecount="2" falsecount="0"/>
      <line num="23" count="3" type="cond" truecount="2" falsecount="0"/>
      <line num="24" count="2" type="stmt"/>
      <line num="26" count="1" type="stmt"/>
      <line num="29" count="2" type="stmt"/>
      <line num="34" count="4" type="stmt"/>
      <line num="35" count="4" type="stmt"/>
      <line num="36" count="4" type="stmt"/>
      <line num="39" count="2" type="stmt"/>
      <line num="40" count="4" type="stmt"/>
      <line num="42" count="2" type="cond" truecount="1" falsecount="1"/>
      <line num="43" count="2" type="stmt"/>
    </file>
    <file name="simple-state.js" path="/Users/tonylefler/projects/simple-state/src/simple-state.js">
      <metrics statements="11" coveredstatements="11" conditionals="6" coveredconditionals="6" methods="4" coveredmethods="4"/>
      <line num="10" count="3" type="cond" truecount="2" falsecount="0"/>
      <line num="11" count="3" type="stmt"/>
      <line num="14" count="9" type="cond" truecount="2" falsecount="0"/>
      <line num="17" count="9" type="cond" truecount="2" falsecount="0"/>
      <line num="18" count="8" type="stmt"/>
      <line num="19" count="8" type="stmt"/>
      <line num="20" count="8" type="stmt"/>
      <line num="22" count="1" type="stmt"/>
      <line num="24" count="8" type="stmt"/>
      <line num="27" count="4" type="stmt"/>
      <line num="30" count="1" type="stmt"/>
    </file>
    <file name="utils.js" path="/Users/tonylefler/projects/simple-state/src/utils.js">
      <metrics statements="18" coveredstatements="18" conditionals="16" coveredconditionals="16" methods="9" coveredmethods="9"/>
      <line num="3" count="82" type="stmt"/>
      <line num="7" count="80" type="stmt"/>
      <line num="11" count="13" type="cond" truecount="2" falsecount="0"/>
      <line num="12" count="12" type="stmt"/>
      <line num="13" count="20" type="stmt"/>
      <line num="14" count="40" type="stmt"/>
      <line num="20" count="19" type="stmt"/>
      <line num="21" count="19" type="stmt"/>
      <line num="22" count="19" type="cond" truecount="2" falsecount="0"/>
      <line num="23" count="18" type="stmt"/>
      <line num="24" count="25" type="stmt"/>
      <line num="25" count="41" type="cond" truecount="2" falsecount="0"/>
      <line num="31" count="79" type="cond" truecount="2" falsecount="0"/>
      <line num="32" count="67" type="cond" truecount="4" falsecount="0"/>
      <line num="33" count="13" type="stmt"/>
      <line num="35" count="54" type="cond" truecount="4" falsecount="0"/>
      <line num="36" count="19" type="stmt"/>
      <line num="38" count="35" type="stmt"/>
    </file>
  </project>
</coverage>
