<?xml version="1.0" encoding="UTF-8"?>
<coverage generated="1538687670219" clover="3.2.0">
  <project timestamp="1538687670219" name="All files">
    <metrics statements="30" coveredstatements="30" conditionals="20" coveredconditionals="18" methods="13" coveredmethods="12" elements="63" coveredelements="60" complexity="0" loc="30" ncloc="30" packages="1" files="2" classes="2">
      <file name="event-emitter.js" path="/Users/tonylefler/dev-authority/simple-state/src/event-emitter.js">
        <metrics statements="17" coveredstatements="17" conditionals="12" coveredconditionals="10" methods="9" coveredmethods="8"/>
        <line num="1" count="2" type="stmt"/>
        <line num="3" count="5" type="stmt"/>
        <line num="4" count="5" type="stmt"/>
        <line num="8" count="14" type="stmt"/>
        <line num="9" count="16" type="cond" truecount="2" falsecount="0"/>
        <line num="10" count="13" type="stmt"/>
        <line num="11" count="3" type="cond" truecount="4" falsecount="0"/>
        <line num="12" count="3" type="cond" truecount="2" falsecount="0"/>
        <line num="13" count="2" type="stmt"/>
        <line num="15" count="1" type="stmt"/>
        <line num="17" count="2" type="stmt"/>
        <line num="22" count="4" type="stmt"/>
        <line num="23" count="4" type="stmt"/>
        <line num="24" count="4" type="stmt"/>
        <line num="27" count="4" type="stmt"/>
        <line num="28" count="2" type="cond" truecount="1" falsecount="1"/>
        <line num="29" count="2" type="stmt"/>
      </file>
      <file name="simple-state.js" path="/Users/tonylefler/dev-authority/simple-state/src/simple-state.js">
        <metrics statements="13" coveredstatements="13" conditionals="8" coveredconditionals="8" methods="4" coveredmethods="4"/>
        <line num="1" count="1" type="stmt"/>
        <line num="7" count="1" type="stmt"/>
        <line num="9" count="3" type="cond" truecount="2" falsecount="0"/>
        <line num="10" count="3" type="stmt"/>
        <line num="13" count="9" type="cond" truecount="2" falsecount="0"/>
        <line num="16" count="9" type="cond" truecount="4" falsecount="0"/>
        <line num="17" count="8" type="stmt"/>
        <line num="18" count="8" type="stmt"/>
        <line num="19" count="8" type="stmt"/>
        <line num="21" count="1" type="stmt"/>
        <line num="23" count="8" type="stmt"/>
        <line num="26" count="4" type="stmt"/>
        <line num="29" count="1" type="stmt"/>
      </file>
    </metrics>
  </project>
</coverage>
