{"/Users/tonylefler/projects/simple-state/src/event-emitter.js": {"path":"/Users/tonylefler/projects/simple-state/src/event-emitter.js","statementMap":{"0":{"start":{"line":5,"column":4},"end":{"line":5,"column":23}},"1":{"start":{"line":6,"column":4},"end":{"line":6,"column":21}},"2":{"start":{"line":7,"column":4},"end":{"line":7,"column":35}},"3":{"start":{"line":13,"column":4},"end":{"line":13,"column":24}},"4":{"start":{"line":17,"column":4},"end":{"line":31,"column":7}},"5":{"start":{"line":18,"column":6},"end":{"line":30,"column":7}},"6":{"start":{"line":19,"column":8},"end":{"line":19,"column":29}},"7":{"start":{"line":20,"column":13},"end":{"line":30,"column":7}},"8":{"start":{"line":23,"column":10},"end":{"line":25,"column":11}},"9":{"start":{"line":24,"column":12},"end":{"line":24,"column":35}},"10":{"start":{"line":26,"column":10},"end":{"line":26,"column":23}},"11":{"start":{"line":29,"column":8},"end":{"line":29,"column":29}},"12":{"start":{"line":34,"column":16},"end":{"line":34,"column":60}},"13":{"start":{"line":35,"column":4},"end":{"line":35,"column":29}},"14":{"start":{"line":36,"column":4},"end":{"line":36,"column":57}},"15":{"start":{"line":36,"column":32},"end":{"line":36,"column":54}},"16":{"start":{"line":39,"column":18},"end":{"line":41,"column":5}},"17":{"start":{"line":40,"column":18},"end":{"line":40,"column":43}},"18":{"start":{"line":42,"column":4},"end":{"line":47,"column":5}},"19":{"start":{"line":43,"column":6},"end":{"line":46,"column":8}}},"fnMap":{"0":{"name":"(anonymous_0)","decl":{"start":{"line":4,"column":2},"end":{"line":4,"column":3}},"loc":{"start":{"line":4,"column":40},"end":{"line":8,"column":3}},"line":4},"1":{"name":"(anonymous_1)","decl":{"start":{"line":12,"column":2},"end":{"line":12,"column":3}},"loc":{"start":{"line":12,"column":16},"end":{"line":14,"column":3}},"line":12},"2":{"name":"(anonymous_2)","decl":{"start":{"line":16,"column":2},"end":{"line":16,"column":3}},"loc":{"start":{"line":16,"column":25},"end":{"line":32,"column":3}},"line":16},"3":{"name":"(anonymous_3)","decl":{"start":{"line":17,"column":27},"end":{"line":17,"column":28}},"loc":{"start":{"line":17,"column":39},"end":{"line":31,"column":5}},"line":17},"4":{"name":"(anonymous_4)","decl":{"start":{"line":22,"column":30},"end":{"line":22,"column":31}},"loc":{"start":{"line":22,"column":47},"end":{"line":27,"column":9}},"line":22},"5":{"name":"(anonymous_5)","decl":{"start":{"line":33,"column":2},"end":{"line":33,"column":3}},"loc":{"start":{"line":33,"column":41},"end":{"line":37,"column":3}},"line":33},"6":{"name":"(anonymous_6)","decl":{"start":{"line":33,"column":19},"end":{"line":33,"column":20}},"loc":{"start":{"line":33,"column":25},"end":{"line":33,"column":27}},"line":33},"7":{"name":"(anonymous_7)","decl":{"start":{"line":36,"column":26},"end":{"line":36,"column":27}},"loc":{"start":{"line":36,"column":32},"end":{"line":36,"column":54}},"line":36},"8":{"name":"(anonymous_8)","decl":{"start":{"line":38,"column":2},"end":{"line":38,"column":3}},"loc":{"start":{"line":38,"column":29},"end":{"line":48,"column":3}},"line":38},"9":{"name":"(anonymous_9)","decl":{"start":{"line":40,"column":6},"end":{"line":40,"column":7}},"loc":{"start":{"line":40,"column":18},"end":{"line":40,"column":43}},"line":40}},"branchMap":{"0":{"loc":{"start":{"line":18,"column":6},"end":{"line":30,"column":7}},"type":"if","locations":[{"start":{"line":18,"column":6},"end":{"line":30,"column":7}},{"start":{"line":18,"column":6},"end":{"line":30,"column":7}}],"line":18},"1":{"loc":{"start":{"line":20,"column":13},"end":{"line":30,"column":7}},"type":"if","locations":[{"start":{"line":20,"column":13},"end":{"line":30,"column":7}},{"start":{"line":20,"column":13},"end":{"line":30,"column":7}}],"line":20},"2":{"loc":{"start":{"line":21,"column":8},"end":{"line":27,"column":21}},"type":"binary-expr","locations":[{"start":{"line":21,"column":8},"end":{"line":21,"column":22}},{"start":{"line":22,"column":8},"end":{"line":27,"column":21}}],"line":21},"3":{"loc":{"start":{"line":23,"column":10},"end":{"line":25,"column":11}},"type":"if","locations":[{"start":{"line":23,"column":10},"end":{"line":25,"column":11}},{"start":{"line":23,"column":10},"end":{"line":25,"column":11}}],"line":23},"4":{"loc":{"start":{"line":33,"column":12},"end":{"line":33,"column":27}},"type":"default-arg","locations":[{"start":{"line":33,"column":19},"end":{"line":33,"column":27}}],"line":33},"5":{"loc":{"start":{"line":33,"column":29},"end":{"line":33,"column":39}},"type":"default-arg","locations":[{"start":{"line":33,"column":37},"end":{"line":33,"column":39}}],"line":33},"6":{"loc":{"start":{"line":42,"column":4},"end":{"line":47,"column":5}},"type":"if","locations":[{"start":{"line":42,"column":4},"end":{"line":47,"column":5}},{"start":{"line":42,"column":4},"end":{"line":47,"column":5}}],"line":42}},"s":{"0":4,"1":4,"2":4,"3":5,"4":14,"5":16,"6":13,"7":3,"8":3,"9":2,"10":1,"11":2,"12":4,"13":4,"14":4,"15":2,"16":2,"17":4,"18":2,"19":2},"f":{"0":4,"1":5,"2":14,"3":16,"4":3,"5":4,"6":0,"7":2,"8":2,"9":4},"b":{"0":[13,3],"1":[2,1],"2":[3,3],"3":[2,1],"4":[0],"5":[2],"6":[2,0]},"_coverageSchema":"43e27e138ebf9cfc5966b082cf9a028302ed4184","hash":"5c02f436d7d5abcabf51c4e671d78e950204eed3"}
,"/Users/tonylefler/projects/simple-state/src/simple-state.js": {"path":"/Users/tonylefler/projects/simple-state/src/simple-state.js","statementMap":{"0":{"start":{"line":10,"column":4},"end":{"line":10,"column":36}},"1":{"start":{"line":11,"column":4},"end":{"line":11,"column":38}},"2":{"start":{"line":14,"column":18},"end":{"line":16,"column":16}},"3":{"start":{"line":17,"column":4},"end":{"line":23,"column":5}},"4":{"start":{"line":18,"column":24},"end":{"line":18,"column":53}},"5":{"start":{"line":19,"column":6},"end":{"line":19,"column":56}},"6":{"start":{"line":20,"column":6},"end":{"line":20,"column":47}},"7":{"start":{"line":22,"column":6},"end":{"line":22,"column":52}},"8":{"start":{"line":24,"column":4},"end":{"line":24,"column":22}},"9":{"start":{"line":27,"column":4},"end":{"line":27,"column":22}},"10":{"start":{"line":30,"column":4},"end":{"line":30,"column":47}}},"fnMap":{"0":{"name":"(anonymous_0)","decl":{"start":{"line":9,"column":2},"end":{"line":9,"column":3}},"loc":{"start":{"line":9,"column":28},"end":{"line":12,"column":3}},"line":9},"1":{"name":"(anonymous_1)","decl":{"start":{"line":13,"column":2},"end":{"line":13,"column":3}},"loc":{"start":{"line":13,"column":16},"end":{"line":25,"column":3}},"line":13},"2":{"name":"(anonymous_2)","decl":{"start":{"line":26,"column":2},"end":{"line":26,"column":3}},"loc":{"start":{"line":26,"column":8},"end":{"line":28,"column":3}},"line":26},"3":{"name":"(anonymous_3)","decl":{"start":{"line":29,"column":3},"end":{"line":29,"column":4}},"loc":{"start":{"line":29,"column":29},"end":{"line":31,"column":3}},"line":29}},"branchMap":{"0":{"loc":{"start":{"line":10,"column":17},"end":{"line":10,"column":35}},"type":"binary-expr","locations":[{"start":{"line":10,"column":17},"end":{"line":10,"column":29}},{"start":{"line":10,"column":33},"end":{"line":10,"column":35}}],"line":10},"1":{"loc":{"start":{"line":14,"column":18},"end":{"line":16,"column":16}},"type":"cond-expr","locations":[{"start":{"line":15,"column":8},"end":{"line":15,"column":28}},{"start":{"line":16,"column":8},"end":{"line":16,"column":16}}],"line":14},"2":{"loc":{"start":{"line":17,"column":4},"end":{"line":23,"column":5}},"type":"if","locations":[{"start":{"line":17,"column":4},"end":{"line":23,"column":5}},{"start":{"line":17,"column":4},"end":{"line":23,"column":5}}],"line":17}},"s":{"0":3,"1":3,"2":9,"3":9,"4":8,"5":8,"6":8,"7":1,"8":8,"9":4,"10":1},"f":{"0":3,"1":9,"2":4,"3":1},"b":{"0":[3,3],"1":[1,8],"2":[8,1]},"_coverageSchema":"43e27e138ebf9cfc5966b082cf9a028302ed4184","hash":"0ce232cd179c6a70fbfa278e096cec0491848ca3"}
,"/Users/tonylefler/projects/simple-state/src/utils.js": {"path":"/Users/tonylefler/projects/simple-state/src/utils.js","statementMap":{"0":{"start":{"line":3,"column":2},"end":{"line":3,"column":29}},"1":{"start":{"line":7,"column":2},"end":{"line":7,"column":28}},"2":{"start":{"line":11,"column":2},"end":{"line":11,"column":42}},"3":{"start":{"line":11,"column":29},"end":{"line":11,"column":42}},"4":{"start":{"line":12,"column":2},"end":{"line":16,"column":25}},"5":{"start":{"line":13,"column":4},"end":{"line":15,"column":20}},"6":{"start":{"line":14,"column":6},"end":{"line":14,"column":37}},"7":{"start":{"line":20,"column":16},"end":{"line":20,"column":30}},"8":{"start":{"line":21,"column":16},"end":{"line":21,"column":30}},"9":{"start":{"line":22,"column":2},"end":{"line":22,"column":50}},"10":{"start":{"line":22,"column":37},"end":{"line":22,"column":50}},"11":{"start":{"line":23,"column":2},"end":{"line":27,"column":29}},"12":{"start":{"line":24,"column":4},"end":{"line":26,"column":20}},"13":{"start":{"line":25,"column":6},"end":{"line":25,"column":56}},"14":{"start":{"line":31,"column":2},"end":{"line":31,"column":42}},"15":{"start":{"line":31,"column":29},"end":{"line":31,"column":42}},"16":{"start":{"line":32,"column":2},"end":{"line":34,"column":3}},"17":{"start":{"line":33,"column":4},"end":{"line":33,"column":30}},"18":{"start":{"line":35,"column":2},"end":{"line":37,"column":3}},"19":{"start":{"line":36,"column":4},"end":{"line":36,"column":31}},"20":{"start":{"line":38,"column":2},"end":{"line":38,"column":17}}},"fnMap":{"0":{"name":"isObject","decl":{"start":{"line":2,"column":16},"end":{"line":2,"column":24}},"loc":{"start":{"line":2,"column":30},"end":{"line":4,"column":1}},"line":2},"1":{"name":"isArray","decl":{"start":{"line":6,"column":16},"end":{"line":6,"column":23}},"loc":{"start":{"line":6,"column":29},"end":{"line":8,"column":1}},"line":6},"2":{"name":"isArrayEqual","decl":{"start":{"line":10,"column":16},"end":{"line":10,"column":28}},"loc":{"start":{"line":10,"column":35},"end":{"line":17,"column":1}},"line":10},"3":{"name":"(anonymous_3)","decl":{"start":{"line":12,"column":18},"end":{"line":12,"column":19}},"loc":{"start":{"line":12,"column":28},"end":{"line":16,"column":3}},"line":12},"4":{"name":"(anonymous_4)","decl":{"start":{"line":13,"column":20},"end":{"line":13,"column":21}},"loc":{"start":{"line":13,"column":30},"end":{"line":15,"column":5}},"line":13},"5":{"name":"isObjectEqual","decl":{"start":{"line":19,"column":16},"end":{"line":19,"column":29}},"loc":{"start":{"line":19,"column":36},"end":{"line":28,"column":1}},"line":19},"6":{"name":"(anonymous_6)","decl":{"start":{"line":23,"column":22},"end":{"line":23,"column":23}},"loc":{"start":{"line":23,"column":30},"end":{"line":27,"column":3}},"line":23},"7":{"name":"(anonymous_7)","decl":{"start":{"line":24,"column":24},"end":{"line":24,"column":25}},"loc":{"start":{"line":24,"column":32},"end":{"line":26,"column":5}},"line":24},"8":{"name":"isEqual","decl":{"start":{"line":30,"column":16},"end":{"line":30,"column":23}},"loc":{"start":{"line":30,"column":30},"end":{"line":39,"column":1}},"line":30}},"branchMap":{"0":{"loc":{"start":{"line":11,"column":2},"end":{"line":11,"column":42}},"type":"if","locations":[{"start":{"line":11,"column":2},"end":{"line":11,"column":42}},{"start":{"line":11,"column":2},"end":{"line":11,"column":42}}],"line":11},"1":{"loc":{"start":{"line":22,"column":2},"end":{"line":22,"column":50}},"type":"if","locations":[{"start":{"line":22,"column":2},"end":{"line":22,"column":50}},{"start":{"line":22,"column":2},"end":{"line":22,"column":50}}],"line":22},"2":{"loc":{"start":{"line":25,"column":13},"end":{"line":25,"column":55}},"type":"binary-expr","locations":[{"start":{"line":25,"column":13},"end":{"line":25,"column":26}},{"start":{"line":25,"column":30},"end":{"line":25,"column":55}}],"line":25},"3":{"loc":{"start":{"line":31,"column":2},"end":{"line":31,"column":42}},"type":"if","locations":[{"start":{"line":31,"column":2},"end":{"line":31,"column":42}},{"start":{"line":31,"column":2},"end":{"line":31,"column":42}}],"line":31},"4":{"loc":{"start":{"line":32,"column":2},"end":{"line":34,"column":3}},"type":"if","locations":[{"start":{"line":32,"column":2},"end":{"line":34,"column":3}},{"start":{"line":32,"column":2},"end":{"line":34,"column":3}}],"line":32},"5":{"loc":{"start":{"line":32,"column":6},"end":{"line":32,"column":30}},"type":"binary-expr","locations":[{"start":{"line":32,"column":6},"end":{"line":32,"column":16}},{"start":{"line":32,"column":20},"end":{"line":32,"column":30}}],"line":32},"6":{"loc":{"start":{"line":35,"column":2},"end":{"line":37,"column":3}},"type":"if","locations":[{"start":{"line":35,"column":2},"end":{"line":37,"column":3}},{"start":{"line":35,"column":2},"end":{"line":37,"column":3}}],"line":35},"7":{"loc":{"start":{"line":35,"column":6},"end":{"line":35,"column":32}},"type":"binary-expr","locations":[{"start":{"line":35,"column":6},"end":{"line":35,"column":17}},{"start":{"line":35,"column":21},"end":{"line":35,"column":32}}],"line":35}},"s":{"0":82,"1":80,"2":13,"3":1,"4":12,"5":20,"6":40,"7":19,"8":19,"9":19,"10":1,"11":18,"12":25,"13":41,"14":79,"15":12,"16":67,"17":13,"18":54,"19":19,"20":35},"f":{"0":82,"1":80,"2":13,"3":20,"4":40,"5":19,"6":25,"7":41,"8":79},"b":{"0":[1,12],"1":[1,18],"2":[41,23],"3":[12,67],"4":[13,54],"5":[67,13],"6":[19,35],"7":[54,19]},"_coverageSchema":"43e27e138ebf9cfc5966b082cf9a028302ed4184","hash":"2b6ad14097f06c81d9344b6d531372b4089b0c03"}
}
