{"/Users/tonylefler/dev-authority/simple-state/src/event-emitter.js": {"path":"/Users/tonylefler/dev-authority/simple-state/src/event-emitter.js","statementMap":{"0":{"start":{"line":1,"column":0},"end":{"line":32,"column":1}},"1":{"start":{"line":3,"column":4},"end":{"line":3,"column":24}},"2":{"start":{"line":4,"column":4},"end":{"line":4,"column":19}},"3":{"start":{"line":8,"column":4},"end":{"line":19,"column":7}},"4":{"start":{"line":9,"column":6},"end":{"line":18,"column":7}},"5":{"start":{"line":10,"column":8},"end":{"line":10,"column":29}},"6":{"start":{"line":11,"column":13},"end":{"line":18,"column":7}},"7":{"start":{"line":12,"column":8},"end":{"line":14,"column":9}},"8":{"start":{"line":13,"column":10},"end":{"line":13,"column":33}},"9":{"start":{"line":15,"column":8},"end":{"line":15,"column":21}},"10":{"start":{"line":17,"column":8},"end":{"line":17,"column":29}},"11":{"start":{"line":22,"column":4},"end":{"line":22,"column":32}},"12":{"start":{"line":23,"column":4},"end":{"line":23,"column":58}},"13":{"start":{"line":24,"column":4},"end":{"line":24,"column":64}},"14":{"start":{"line":24,"column":32},"end":{"line":24,"column":61}},"15":{"start":{"line":27,"column":18},"end":{"line":27,"column":76}},"16":{"start":{"line":27,"column":55},"end":{"line":27,"column":75}},"17":{"start":{"line":28,"column":4},"end":{"line":30,"column":5}},"18":{"start":{"line":29,"column":6},"end":{"line":29,"column":94}}},"fnMap":{"0":{"name":"(anonymous_0)","decl":{"start":{"line":2,"column":2},"end":{"line":2,"column":3}},"loc":{"start":{"line":2,"column":16},"end":{"line":5,"column":3}},"line":2},"1":{"name":"(anonymous_1)","decl":{"start":{"line":7,"column":2},"end":{"line":7,"column":3}},"loc":{"start":{"line":7,"column":25},"end":{"line":20,"column":3}},"line":7},"2":{"name":"(anonymous_2)","decl":{"start":{"line":8,"column":27},"end":{"line":8,"column":28}},"loc":{"start":{"line":8,"column":39},"end":{"line":19,"column":5}},"line":8},"3":{"name":"(anonymous_3)","decl":{"start":{"line":11,"column":57},"end":{"line":11,"column":58}},"loc":{"start":{"line":11,"column":74},"end":{"line":16,"column":7}},"line":11},"4":{"name":"(anonymous_4)","decl":{"start":{"line":21,"column":2},"end":{"line":21,"column":3}},"loc":{"start":{"line":21,"column":41},"end":{"line":25,"column":3}},"line":21},"5":{"name":"(anonymous_5)","decl":{"start":{"line":21,"column":19},"end":{"line":21,"column":20}},"loc":{"start":{"line":21,"column":25},"end":{"line":21,"column":27}},"line":21},"6":{"name":"(anonymous_6)","decl":{"start":{"line":24,"column":26},"end":{"line":24,"column":27}},"loc":{"start":{"line":24,"column":32},"end":{"line":24,"column":61}},"line":24},"7":{"name":"(anonymous_7)","decl":{"start":{"line":26,"column":2},"end":{"line":26,"column":3}},"loc":{"start":{"line":26,"column":20},"end":{"line":31,"column":3}},"line":26},"8":{"name":"(anonymous_8)","decl":{"start":{"line":27,"column":43},"end":{"line":27,"column":44}},"loc":{"start":{"line":27,"column":55},"end":{"line":27,"column":75}},"line":27}},"branchMap":{"0":{"loc":{"start":{"line":9,"column":6},"end":{"line":18,"column":7}},"type":"if","locations":[{"start":{"line":9,"column":6},"end":{"line":18,"column":7}},{"start":{"line":9,"column":6},"end":{"line":18,"column":7}}],"line":9},"1":{"loc":{"start":{"line":11,"column":13},"end":{"line":18,"column":7}},"type":"if","locations":[{"start":{"line":11,"column":13},"end":{"line":18,"column":7}},{"start":{"line":11,"column":13},"end":{"line":18,"column":7}}],"line":11},"2":{"loc":{"start":{"line":11,"column":17},"end":{"line":16,"column":19}},"type":"binary-expr","locations":[{"start":{"line":11,"column":17},"end":{"line":11,"column":31}},{"start":{"line":11,"column":35},"end":{"line":16,"column":19}}],"line":11},"3":{"loc":{"start":{"line":12,"column":8},"end":{"line":14,"column":9}},"type":"if","locations":[{"start":{"line":12,"column":8},"end":{"line":14,"column":9}},{"start":{"line":12,"column":8},"end":{"line":14,"column":9}}],"line":12},"4":{"loc":{"start":{"line":21,"column":12},"end":{"line":21,"column":27}},"type":"default-arg","locations":[{"start":{"line":21,"column":19},"end":{"line":21,"column":27}}],"line":21},"5":{"loc":{"start":{"line":21,"column":29},"end":{"line":21,"column":39}},"type":"default-arg","locations":[{"start":{"line":21,"column":37},"end":{"line":21,"column":39}}],"line":21},"6":{"loc":{"start":{"line":28,"column":4},"end":{"line":30,"column":5}},"type":"if","locations":[{"start":{"line":28,"column":4},"end":{"line":30,"column":5}},{"start":{"line":28,"column":4},"end":{"line":30,"column":5}}],"line":28}},"s":{"0":2,"1":5,"2":5,"3":14,"4":16,"5":13,"6":3,"7":3,"8":2,"9":1,"10":2,"11":4,"12":4,"13":4,"14":2,"15":2,"16":4,"17":2,"18":2},"f":{"0":5,"1":14,"2":16,"3":3,"4":4,"5":0,"6":2,"7":2,"8":4},"b":{"0":[13,3],"1":[2,1],"2":[3,3],"3":[2,1],"4":[0],"5":[2],"6":[2,0]},"_coverageSchema":"332fd63041d2c1bcb487cc26dd0d5f7d97098a6c","hash":"c738eb66be92019f86a149b17082d888b36c4a82"}
,"/Users/tonylefler/dev-authority/simple-state/src/simple-state.js": {"path":"/Users/tonylefler/dev-authority/simple-state/src/simple-state.js","statementMap":{"0":{"start":{"line":1,"column":21},"end":{"line":1,"column":47}},"1":{"start":{"line":7,"column":0},"end":{"line":31,"column":1}},"2":{"start":{"line":9,"column":4},"end":{"line":9,"column":36}},"3":{"start":{"line":10,"column":4},"end":{"line":10,"column":38}},"4":{"start":{"line":13,"column":18},"end":{"line":15,"column":16}},"5":{"start":{"line":16,"column":4},"end":{"line":22,"column":5}},"6":{"start":{"line":17,"column":24},"end":{"line":17,"column":53}},"7":{"start":{"line":18,"column":6},"end":{"line":18,"column":84}},"8":{"start":{"line":19,"column":6},"end":{"line":19,"column":47}},"9":{"start":{"line":21,"column":6},"end":{"line":21,"column":52}},"10":{"start":{"line":23,"column":4},"end":{"line":23,"column":22}},"11":{"start":{"line":26,"column":4},"end":{"line":26,"column":22}},"12":{"start":{"line":29,"column":4},"end":{"line":29,"column":47}}},"fnMap":{"0":{"name":"(anonymous_0)","decl":{"start":{"line":8,"column":2},"end":{"line":8,"column":3}},"loc":{"start":{"line":8,"column":28},"end":{"line":11,"column":3}},"line":8},"1":{"name":"(anonymous_1)","decl":{"start":{"line":12,"column":2},"end":{"line":12,"column":3}},"loc":{"start":{"line":12,"column":16},"end":{"line":24,"column":3}},"line":12},"2":{"name":"(anonymous_2)","decl":{"start":{"line":25,"column":2},"end":{"line":25,"column":3}},"loc":{"start":{"line":25,"column":8},"end":{"line":27,"column":3}},"line":25},"3":{"name":"(anonymous_3)","decl":{"start":{"line":28,"column":3},"end":{"line":28,"column":4}},"loc":{"start":{"line":28,"column":29},"end":{"line":30,"column":3}},"line":28}},"branchMap":{"0":{"loc":{"start":{"line":9,"column":17},"end":{"line":9,"column":35}},"type":"binary-expr","locations":[{"start":{"line":9,"column":17},"end":{"line":9,"column":29}},{"start":{"line":9,"column":33},"end":{"line":9,"column":35}}],"line":9},"1":{"loc":{"start":{"line":13,"column":18},"end":{"line":15,"column":16}},"type":"cond-expr","locations":[{"start":{"line":14,"column":8},"end":{"line":14,"column":28}},{"start":{"line":15,"column":8},"end":{"line":15,"column":16}}],"line":13},"2":{"loc":{"start":{"line":16,"column":4},"end":{"line":22,"column":5}},"type":"if","locations":[{"start":{"line":16,"column":4},"end":{"line":22,"column":5}},{"start":{"line":16,"column":4},"end":{"line":22,"column":5}}],"line":16},"3":{"loc":{"start":{"line":16,"column":8},"end":{"line":16,"column":58}},"type":"binary-expr","locations":[{"start":{"line":16,"column":8},"end":{"line":16,"column":33}},{"start":{"line":16,"column":37},"end":{"line":16,"column":58}}],"line":16}},"s":{"0":1,"1":1,"2":3,"3":3,"4":9,"5":9,"6":8,"7":8,"8":8,"9":1,"10":8,"11":4,"12":1},"f":{"0":3,"1":9,"2":4,"3":1},"b":{"0":[3,3],"1":[1,8],"2":[8,1],"3":[9,8]},"_coverageSchema":"332fd63041d2c1bcb487cc26dd0d5f7d97098a6c","hash":"aeab556140b5a5704cbda3ad6ad714df07c28aad"}
}
