TN:
SF:/Users/tonylefler/dev-authority/simple-state/src/event-emitter.js
FN:2,(anonymous_0)
FN:7,(anonymous_1)
FN:8,(anonymous_2)
FN:11,(anonymous_3)
FN:21,(anonymous_4)
FN:21,(anonymous_5)
FN:24,(anonymous_6)
FN:26,(anonymous_7)
FN:27,(anonymous_8)
FNF:9
FNH:8
FNDA:5,(anonymous_0)
FNDA:14,(anonymous_1)
FNDA:16,(anonymous_2)
FNDA:3,(anonymous_3)
FNDA:4,(anonymous_4)
FNDA:0,(anonymous_5)
FNDA:2,(anonymous_6)
FNDA:2,(anonymous_7)
FNDA:4,(anonymous_8)
DA:1,2
DA:3,5
DA:4,5
DA:8,14
DA:9,16
DA:10,13
DA:11,3
DA:12,3
DA:13,2
DA:15,1
DA:17,2
DA:22,4
DA:23,4
DA:24,4
DA:27,4
DA:28,2
DA:29,2
LF:17
LH:17
BRDA:9,0,0,13
BRDA:9,0,1,3
BRDA:11,1,0,2
BRDA:11,1,1,1
BRDA:11,2,0,3
BRDA:11,2,1,3
BRDA:12,3,0,2
BRDA:12,3,1,1
BRDA:21,4,0,0
BRDA:21,5,0,2
BRDA:28,6,0,2
BRDA:28,6,1,0
BRF:12
BRH:10
end_of_record
TN:
SF:/Users/tonylefler/dev-authority/simple-state/src/simple-state.js
FN:8,(anonymous_0)
FN:12,(anonymous_1)
FN:25,(anonymous_2)
FN:28,(anonymous_3)
FNF:4
FNH:4
FNDA:3,(anonymous_0)
FNDA:9,(anonymous_1)
FNDA:4,(anonymous_2)
FNDA:1,(anonymous_3)
DA:1,1
DA:7,1
DA:9,3
DA:10,3
DA:13,9
DA:16,9
DA:17,8
DA:18,8
DA:19,8
DA:21,1
DA:23,8
DA:26,4
DA:29,1
LF:13
LH:13
BRDA:9,0,0,3
BRDA:9,0,1,3
BRDA:13,1,0,1
BRDA:13,1,1,8
BRDA:16,2,0,8
BRDA:16,2,1,1
BRDA:16,3,0,9
BRDA:16,3,1,8
BRF:8
BRH:8
end_of_record
