TN:
SF:/Users/tonylefler/projects/simple-state/src/event-emitter.js
FN:4,(anonymous_0)
FN:12,(anonymous_1)
FN:16,(anonymous_2)
FN:17,(anonymous_3)
FN:22,(anonymous_4)
FN:33,(anonymous_5)
FN:33,(anonymous_6)
FN:36,(anonymous_7)
FN:38,(anonymous_8)
FN:40,(anonymous_9)
FNF:10
FNH:9
FNDA:4,(anonymous_0)
FNDA:5,(anonymous_1)
FNDA:14,(anonymous_2)
FNDA:16,(anonymous_3)
FNDA:3,(anonymous_4)
FNDA:4,(anonymous_5)
FNDA:0,(anonymous_6)
FNDA:2,(anonymous_7)
FNDA:2,(anonymous_8)
FNDA:4,(anonymous_9)
DA:5,4
DA:6,4
DA:7,4
DA:13,5
DA:17,14
DA:18,16
DA:19,13
DA:20,3
DA:23,3
DA:24,2
DA:26,1
DA:29,2
DA:34,4
DA:35,4
DA:36,4
DA:39,2
DA:40,4
DA:42,2
DA:43,2
LF:19
LH:19
BRDA:18,0,0,13
BRDA:18,0,1,3
BRDA:20,1,0,2
BRDA:20,1,1,1
BRDA:21,2,0,3
BRDA:21,2,1,3
BRDA:23,3,0,2
BRDA:23,3,1,1
BRDA:33,4,0,0
BRDA:33,5,0,2
BRDA:42,6,0,2
BRDA:42,6,1,0
BRF:12
BRH:10
end_of_record
TN:
SF:/Users/tonylefler/projects/simple-state/src/simple-state.js
FN:9,(anonymous_0)
FN:13,(anonymous_1)
FN:26,(anonymous_2)
FN:29,(anonymous_3)
FNF:4
FNH:4
FNDA:3,(anonymous_0)
FNDA:9,(anonymous_1)
FNDA:4,(anonymous_2)
FNDA:1,(anonymous_3)
DA:10,3
DA:11,3
DA:14,9
DA:17,9
DA:18,8
DA:19,8
DA:20,8
DA:22,1
DA:24,8
DA:27,4
DA:30,1
LF:11
LH:11
BRDA:10,0,0,3
BRDA:10,0,1,3
BRDA:14,1,0,1
BRDA:14,1,1,8
BRDA:17,2,0,8
BRDA:17,2,1,1
BRF:6
BRH:6
end_of_record
TN:
SF:/Users/tonylefler/projects/simple-state/src/utils.js
FN:2,isObject
FN:6,isArray
FN:10,isArrayEqual
FN:12,(anonymous_3)
FN:13,(anonymous_4)
FN:19,isObjectEqual
FN:23,(anonymous_6)
FN:24,(anonymous_7)
FN:30,isEqual
FNF:9
FNH:9
FNDA:82,isObject
FNDA:80,isArray
FNDA:13,isArrayEqual
FNDA:20,(anonymous_3)
FNDA:40,(anonymous_4)
FNDA:19,isObjectEqual
FNDA:25,(anonymous_6)
FNDA:41,(anonymous_7)
FNDA:79,isEqual
DA:3,82
DA:7,80
DA:11,13
DA:12,12
DA:13,20
DA:14,40
DA:20,19
DA:21,19
DA:22,19
DA:23,18
DA:24,25
DA:25,41
DA:31,79
DA:32,67
DA:33,13
DA:35,54
DA:36,19
DA:38,35
LF:18
LH:18
BRDA:11,0,0,1
BRDA:11,0,1,12
BRDA:22,1,0,1
BRDA:22,1,1,18
BRDA:25,2,0,41
BRDA:25,2,1,23
BRDA:31,3,0,12
BRDA:31,3,1,67
BRDA:32,4,0,13
BRDA:32,4,1,54
BRDA:32,5,0,67
BRDA:32,5,1,13
BRDA:35,6,0,19
BRDA:35,6,1,35
BRDA:35,7,0,54
BRDA:35,7,1,19
BRF:16
BRH:16
end_of_record
